1	ISHARES S&P MID-CAP ETF	IJH
2	MOQ LIMITED	MOQ
3	1-PAGE LIMITED	1PG
4	1300 SMILES LIMITED	ONT
5	1ST GROUP LIMITED	1ST
6	333D LIMITED	T3D
7	360 CAPITAL GROUP	TGP
8	360 CAPITAL TOTAL RETURN FUND	TOT
9	3D OIL LIMITED	TDO
10	3D RESOURCES LIMITED	DDD
11	3P LEARNING LIMITED..	3PL
12	4DS MEMORY LIMITED	4DS
13	88 ENERGY LIMITED	88E
14	8COMMON LIMITED	8CO
15	8I HOLDINGS LTD	8IH
16	8IP EMERGING COMPANIES LIMITED	8EC
17	9 SPOKES INTERNATIONAL LIMITED	9SP
18	99 WUXIAN LIMITED	NNW
19	A-CAP RESOURCES LIMITED	ACB
20	A1 INVESTMENTS & RESOURCES LTD	AYI
21	ABACUS PROPERTY GROUP	ABP
22	ABERDEEN LEADERS LIMITED	ALR
23	ABILENE OIL AND GAS LIMITED	ABL
24	ABM RESOURCES NL	ABU
25	ABSOLUTE EQUITY PERFORMANCE FUND LIMITED	AEG
26	ABUNDANT PRODUCE LIMITED	ABT
27	ACACIA COAL LIMITED	AJC
28	ACADEMIES AUSTRALASIA GROUP LIMITED	AKG
29	ACCENT RESOURCES NL	ACS
30	ACONEX LIMITED	ACX
31	ACORN CAPITAL INVESTMENT FUND LIMITED	ACQ
32	ACRUX LIMITED	ACR
33	ACTINOGEN MEDICAL LIMITED	ACW
34	ACTIVEX LIMITED	AIV
35	ACTIVISTIC LIMITED	ACU
36	ADACEL TECHNOLOGIES LIMITED	ADA
37	ADAIRS LIMITED	ADH
38	ADALTA LIMITED	1AD
39	ADAVALE RESOURCES LIMITED	ADD
40	ADCORP AUSTRALIA LIMITED	AAU
41	ADELAIDE BRIGHTON LIMITED	ABC
42	ADG GLOBAL SUPPLY LIMITED.	ADQ
43	ADHERIUM LIMITED	ADR
44	ADMEDUS LTD	AHZ
45	ADMIRALTY RESOURCES NL.	ADY
46	ADSLOT LTD	ADJ
47	ADVANCED BRAKING TECHNOLOGY LTD	ABV
48	ADVANCED NANO TECHNOLOGIES LIMITED	ANO
49	ADVANCED SHARE REGISTRY LIMITED	ASW
50	ADX ENERGY LTD	ADX
51	AEERIS LTD	AER
52	AEON METALS LIMITED.	AML
53	AERIS ENVIRONMENTAL LTD	AEI
54	AERIS RESOURCES LIMITED	AIS
55	AFRICAN ENERGY RESOURCES LIMITED	AFR
56	AFT CORPORATION LIMITED	AFT
57	AFT PHARMACEUTICALS LIMITED	AFP
58	AFTERPAY HOLDINGS LIMITED	AFY
59	AGL ENERGY LIMITED.	AGL
60	AGRICULTURAL LAND TRUST	AGJ
61	AGRIMIN LIMITED	AMN
62	AGUIA RESOURCES LIMITED	AGR
63	AHALIFE HOLDINGS LIMITED	AHL
64	AIMS PROPERTY SECURITIES FUND	APW
65	AINSWORTH GAME TECHNOLOGY LIMITED	AGI
66	AIR NEW ZEALAND LIMITED	AIZ
67	AIRXPANDERS	INC
68	AJ LUCAS GROUP LIMITED	AJL
69	ALACER GOLD CORP.	AQG
70	ALARA RESOURCES LIMITED	AUQ
71	ALCHEMIA LIMITED	ACL
72	ALCHEMY RESOURCES LIMITED	ALY
73	ALCIDION GROUP LIMITED	ALC
74	ALE PROPERTY GROUP	LEP
75	ALEXIUM INTERNATIONAL GROUP LIMITED	AJX
76	ALGAE.TEC LIMITED	AEB
77	ALICANTO MINERALS LIMITED	AQI
78	ALICE QUEEN LIMITED	AQX
79	ALKANE RESOURCES LIMITED	ALK
80	ALLEGIANCE COAL LIMITED	AHQ
81	ALLEGRA ORTHOPAEDICS LIMITED	AMT
82	ALLIANCE AVIATION SERVICES LIMITED	AQZ
83	ALLIANCE RESOURCES LIMITED	AGS
84	ALLIGATOR ENERGY LIMITED	AGE
85	ALLOY RESOURCES LIMITED	AYR
86	ALS LIMITED	ALQ
87	ALT RESOURCES LIMITED	ARS
88	ALTECH CHEMICALS LTD	ATC
89	ALTERNATIVE INVESTMENT TRUST	AIQ
90	ALTERRA LIMITED	1AG
91	ALTIUM LIMITED	ALU
92	ALTO METALS LIMITED	AME
93	ALTONA MINING LIMITED	AOH
94	ALTURA MINING LIMITED	AJM
95	ALUMINA LIMITED	AWC
96	AMA GROUP LIMITED	AMA
97	AMANI GOLD LIMITED	ANL
98	AMAYSIM AUSTRALIA LIMITED	AYS
99	AMBERTECH LIMITED	AMO
100	AMBITION GROUP LIMITED	AMB
101	AMCIL LIMITED	AMH
102	AMCOR LIMITED	AMC
103	AMERICAN PATRIOT OIL & GAS LIMITED	AOW
104	AMEX RESOURCES LIMITED	AXZ
105	AMP LIMITED	AMP
106	ANAECO LIMITED	ANQ
107	ANALYTICA LIMITED	ALT
108	ANATARA LIFESCIENCES LTD	ANR
109	ANCHOR RESOURCES LIMITED	AHR
110	ANDROMEDA METALS LIMITED	ADN
111	ANEKA TAMBANG (PERSERO) TBK (PT)	ATM
112	ANGLO AMERICAN CAPITAL PLC	AQM
113	ANGLO AUSTRALIAN RESOURCES NL	AAR
114	ANGLOGOLD ASHANTI LIMITED	AGG
115	ANIMOCA BRANDS CORPORATION LIMITED	AB1
116	ANOVA METALS LIMITED	AWV
117	ANSELL LIMITED	ANN
118	ANSON RESOURCES LIMITED	ASN
119	ANTARES ENERGY LIMITED	AZZ
120	ANTE REAL ESTATE TRUST	ATT
121	ANTEO DIAGNOSTICS LIMITED	ADO
122	ANTILLES OIL AND GAS NL	AVD
123	ANTIPA MINERALS LIMITED	AZY
124	ANTIPODES GLOBAL INVESTMENT COMPANY LTD	APL
125	ANTISENSE THERAPEUTICS LIMITED	ANP
126	AP EAGERS LIMITED	APE
127	APA GROUP	APA
128	APAC COAL LIMITED	AAL
129	APHRODITE GOLD LIMITED	AQQ
130	APIAM ANIMAL HEALTH LIMITED	AHX
131	APN NEWS & MEDIA LIMITED	APN
132	APN OUTDOOR GROUP LIMITED	APO
133	APN PROPERTY GROUP LIMITED	APD
134	APOLLO CONSOLIDATED LIMITED	AOP
135	APOLLO MINERALS LIMITED	AON
136	APOLLO SERIES 2010-1 TRUST	AOJ
137	APOLLO SERIES 2013-1 TRUST	AOR
138	APOLLO SERIES 2015-1 TRUST	AOL
139	APOLLO TOURISM & LEISURE LTD	ATL
140	APPEN LIMITED	APX
141	APPLYDIRECT LIMITED	AD1
142	APT PIPELINES LIMITED.	AQH
143	AQUAINT CAPITAL HOLDINGS LIMITED	AQU
144	AQUIS ENTERTAINMENT LIMITED	AQS
145	ARAFURA RESOURCES LIMITED	ARU
146	ARB CORPORATION LIMITED.	ARB
147	ARC EXPLORATION LIMITED	ARX
148	ARCHER EXPLORATION LIMITED	AXE
149	ARDEA RESOURCES LIMITED	ARL
150	ARDENT LEISURE GROUP	AAD
151	ARDIDEN LTD	ADV
152	ARENA REIT.	ARF
153	ARGENT MINERALS LIMITED	ARD
154	ARGO EXPLORATION LIMITED	AXT
155	ARGO GLOBAL LISTED INFRASTRUCTURE LIMITED	ALI
156	ARGO INVESTMENTS LIMITED	ARG
157	ARGONAUT RESOURCES NL	ARE
158	ARGOSY MINERALS LIMITED	AGY
159	ARIADNE AUSTRALIA LIMITED	ARA
160	ARISTOCRAT LEISURE LIMITED	ALL
161	ARK MINES LIMITED	AHK
162	ARMIDALE INVESTMENT CORPORATION LIMITED	AIK
163	ARMOUR ENERGY LIMITED	AJQ
164	AROWANA AUSTRALASIAN VALUE OPPORTUNITIES FUND LIMITED	AWQ
165	AROWANA INTERNATIONAL LIMITED	AWN
166	ARRIUM LIMITED	ARI
167	ARROWHEAD RESOURCES LIMITED	AR1
168	ARTEMIS RESOURCES LIMITED	ARV
169	ARUMA RESOURCES LIMITED	AAJ
170	ASALEO CARE LIMITED	AHY
171	ASAPLUS RESOURCES LIMITED	AJY
172	ASF GROUP LIMITED	AFA
173	ASHLEY SERVICES GROUP LIMITED	ASH
174	ASIA PACIFIC DATA CENTRE GROUP	AJD
175	ASIA PACIFIC DIGITAL LIMITED	DIG
176	ASIAN AMERICAN MEDICAL GROUP LIMITED	AJJ
177	ASIAN DEVELOPMENT BANK	ATB
178	ASIAN MASTERS FUND LIMITED	AUF
179	ASIAN MINERAL RESOURCES LIMITED	AM3
180	ASK FUNDING LIMITED	AKF
181	ASPEN GROUP	APZ
182	ASPERMONT LIMITED.	ASP
183	ASPIRE MINING LIMITED	AKM
184	ASSEMBLEBAY LIMITED	ASY
185	ASSETOWL LIMITED	AO1
186	ASTIVITA LIMITED	AIR
187	ASTRO JAPAN PROPERTY GROUP	AJA
188	ASTRO RESOURCES NL	ARO
189	ASTRON CORPORATION LIMITED	ATR
190	ASX LIMITED	ASX
191	ATC ALLOYS LTD	ATA
192	ATCOR MEDICAL HOLDINGS LIMITED	ACG
193	ATHENA RESOURCES LIMITED	AHN
194	ATLAS IRON LIMITED	AGO
195	ATLAS PEARLS AND PERFUMES LTD	ATP
196	ATRUM COAL LIMITED	ATU
197	ATTILA RESOURCES LIMITED	AYA
198	AUB GROUP LIMITED	AUB
199	AUCKLAND INTERNATIONAL AIRPORT LIMITED	AIA
200	AUDALIA RESOURCES LIMITED	ACP
1	AUDIO PIXELS HOLDINGS LIMITED	AKP
2	AUGEND LTD	AUG
3	AUGUR RESOURCES LIMITED	AUK
4	AURA ENERGY LIMITED	AEE
5	AURELIA METALS LIMITED	AMI
6	AURIZON HOLDINGS LIMITED	AZJ
7	AUROCH MINERALS LTD	AOU
8	AURORA ABSOLUTE RETURN FUND	ABW
9	AURORA DIVIDEND INCOME TRUST (MANAGED FUND)	AOD
10	AURORA GLOBAL INCOME TRUST	AIB
11	AURORA LABS LIMITED	A3D
12	AURORA MINERALS LIMITED	ARM
13	AURORA PROPERTY BUY-WRITE INCOME TRUST	AUP
14	AUS ASIA MINERALS LIMITED	AQJ
15	AUS TIN MINING LTD	ANW
16	AUSCANN GROUP HOLDINGS LTD	AC8
17	AUSDRILL LIMITED	ASL
18	AUSGOLD LIMITED	AUC
19	AUSMON RESOURCES LIMITED	AOA
20	AUSNET FINANCIAL SERVICES LIMITED	AU1
21	AUSNET SERVICES HOLDINGS PTY LTD	ANV
22	AUSNET SERVICES LIMITED	AST
23	AUSQUEST LIMITED	AQD
24	AUSROC METALS LTD	ARK
25	AUSTAL LIMITED	ASB
26	AUSTEX OIL LIMITED	AOK
27	AUSTIN ENGINEERING LIMITED	ANG
28	AUSTIN EXPLORATION LIMITED	AKK
29	AUSTOCK GROUP LIMITED	ACK
30	AUSTPAC RESOURCES NL	APG
31	AUSTRAL GOLD LIMITED	AGD
32	AUSTRALASIAN RESOURCES LIMITED	ARH
33	AUSTRALIA AND NEW ZEALAND BANKING GROUP LIMITED	ANZ
34	AUSTRALIA UNITED MINING LIMITED	AYM
35	AUSTRALIAN AGRICULTURAL COMPANY LIMITED.	AAC
36	AUSTRALIAN AGRICULTURAL PROJECTS LIMITED	AAP
37	AUSTRALIAN BAUXITE LIMITED.	ABX
38	AUSTRALIAN CAREERS NETWORK LIMITED	ACO
39	AUSTRALIAN COMMONWEALTH GOVERNMENT LOANS	XCL
40	AUSTRALIAN DAIRY FARMS GROUP	AHF
41	AUSTRALIAN ENHANCED INCOME FUND	AYF
42	AUSTRALIAN ETHICAL INVESTMENT LIMITED	AEF
43	AUSTRALIAN FINANCE GROUP LTD	AFG
44	AUSTRALIAN FOUNDATION INVESTMENT COMPANY LIMITED	AFI
45	AUSTRALIAN GOVERNANCE MASTERS INDEX FUND LIMITED	AQF
46	AUSTRALIAN GOVERNMENT TREASURY BONDS	GSB
47	AUSTRALIAN GOVERNMENT TREASURY INDEXED BONDS	GSI
48	AUSTRALIAN LEADERS FUND LIMITED	ALF
49	AUSTRALIAN MASTERS YIELD FUND NO 1 LIMITED	AYD
50	AUSTRALIAN MASTERS YIELD FUND NO 2 LIMITED	AYH
51	AUSTRALIAN MASTERS YIELD FUND NO 3 LIMITED	AYJ
52	AUSTRALIAN MASTERS YIELD FUND NO 4 LIMITED	AYK
53	AUSTRALIAN MASTERS YIELD FUND NO 5 LIMITED	AYZ
54	AUSTRALIAN MINES LIMITED	AUZ
55	AUSTRALIAN PACIFIC COAL LIMITED	AQC
56	AUSTRALIAN PHARMACEUTICAL INDUSTRIES LIMITED	API
57	AUSTRALIAN POTASH LIMITED	APC
58	AUSTRALIAN RURAL CAPITAL LIMITED	ARC
59	AUSTRALIAN UNITED INVESTMENT COMPANY LIMITED	AUI
60	AUSTRALIAN UNITY LIMITED	AYU
61	AUSTRALIAN UNITY OFFICE FUND	AOF
62	AUSTRALIAN VANADIUM LIMITED	AVL
63	AUSTRALIAN VINTAGE LTD	AVG
64	AUSTRALIAN WHISKY HOLDINGS LIMITED	AWY
65	AUSTRALIS OIL & GAS LIMITED	ATS
66	AUSTSINO RESOURCES GROUP LIMITED	ANS
67	AUSWIDE BANK LTD	ABA
68	AUTHORISED INVESTMENT FUND LIMITED	AIY
69	AUTOMOTIVE HOLDINGS GROUP LIMITED.	AHG
70	AUTOMOTIVE SOLUTIONS GROUP LTD	4WD
71	AUTOSPORTS GROUP LIMITED.	ASG
72	AVALON MINERALS LIMITED	AVI
73	AVANCO RESOURCES LIMITED	AVB
74	AVENIRA LIMITED	AEV
75	AVENTUS RETAIL PROPERTY FUND	AVN
76	AVEO GROUP	AOG
77	AVIRA ENERGY LIMITED	AVW
78	AVITA MEDICAL LTD	AVH
79	AVJENNINGS LIMITED	AVJ
80	AVZ MINERALS LIMITED	AVZ
81	AWE LIMITED	AWE
82	AXA	AXJ
83	AXIOM MINING LIMITED	AVQ
84	AXIOM PROPERTIES LIMITED	AXI
85	AXSESSTODAY LIMITED	AXL
86	AXXIS TECHNOLOGY GROUP LTD	AYG
87	AZONTO PETROLEUM LTD	APY
88	AZUMAH RESOURCES LIMITED	AZM
89	AZURE HEALTHCARE LIMITED	AZV
90	AZURE MINERALS LIMITED	AZS
91	BABY BUNTING GROUP LIMITED	BBN
92	BAILADOR TECHNOLOGY INVESTMENTS LIMITED	BTI
93	BANK OF QUEENSLAND LIMITED.	BOQ
94	BANNERMAN RESOURCES LIMITED	BMN
95	BAPCOR LIMITED	BAP
96	BARAKA ENERGY & RESOURCES LIMITED	BKP
97	BARALABA COAL COMPANY LIMITED	BCL
98	BARD1 LIFE SCIENCES LIMITED	BD1
99	BARRA RESOURCES LIMITED	BAR
100	BARRACK ST INVESTMENTS LIMITED	BST
101	BASE RESOURCES LIMITED	BSE
102	BASS METALS LTD	BSM
103	BASS OIL LIMITED	BAS
104	BASSARI RESOURCES LIMITED	BSR
105	BATHURST RESOURCES LIMITED.	BRL
106	BATTERY MINERALS LIMITED	BAT
107	BAUMART HOLDINGS LIMITED	BMH
108	BAUXITE RESOURCES LIMITED	BAU
109	BBX MINERALS LIMITED	BBX
110	BC IRON LIMITED	BCI
111	BCD RESOURCES NL	BCD
112	BEACH ENERGY LIMITED	BPT
113	BEACON LIGHTING GROUP LIMITED	BLX
114	BEACON MINERALS LIMITED	BCN
115	BEADELL RESOURCES LIMITED	BDR
116	BEGA CHEESE LIMITED	BGA
117	BELL FINANCIAL GROUP LIMITED	BFG
118	BELLAMY'S AUSTRALIA LIMITED	BAL
119	BENDIGO AND ADELAIDE BANK LIMITED	BEN
120	BENITEC BIOPHARMA LIMITED	BLT
121	BENTLEY CAPITAL LIMITED	BEL
122	BERKELEY ENERGIA LIMITED	BKY
123	BERKUT MINERALS LIMITED	BMT
124	BESTON GLOBAL FOOD COMPANY LIMITED	BFC
125	BEYOND INTERNATIONAL LIMITED	BYI
126	BHP BILLITON LIMITED	BHP
127	BIDENERGY LIMITED	BID
128	BIG RIVER INDUSTRIES LIMITED	BRI
129	BIG UN LIMITED	BIG
130	BIGTINCAN HOLDINGS LIMITED	BTH
131	BILLABONG INTERNATIONAL LIMITED	BBG
132	BIONOMICS LIMITED	BNO
133	BIOTECH CAPITAL LIMITED	BTC
134	BIOTRON LIMITED	BIT
135	BIOXYNE LIMITED	BXN
136	BIRCH AND PRESTIGE INVESTMENT GROUP LIMITED	BOP
137	BIRIMIAN LIMITED	BGS
138	BISALLOY STEEL GROUP LIMITED	BIS
139	BISAN LIMITED	BSN
140	BKI INVESTMENT COMPANY LIMITED	BKI
141	BKM MANAGEMENT LIMITED	BKM
142	BLACK MOUNTAIN RESOURCES LIMITED	BMZ
143	BLACK ROCK MINING LIMITED	BKT
144	BLACK STAR PETROLEUM LIMITED	BSP
145	BLACKGOLD INTERNATIONAL HOLDINGS LIMITED	BGG
146	BLACKHAM RESOURCES LIMITED	BLK
147	BLACKMORES LIMITED	BKL
148	BLACKSTONE MINERALS LIMITED	BSX
149	BLACKWALL LIMITED	BWF
150	BLACKWALL PROPERTY TRUST	BWR
151	BLAZE INTERNATIONAL LIMITED	BLZ
152	BLIGH RESOURCES LIMITED	BGH
153	BLINA MINERALS NL	BDI
154	BLUE ENERGY LIMITED	BUL
155	BLUE SKY ALTERNATIVE INVESTMENTS LIMITED	BLA
156	BLUE SKY ALTERNATIVES ACCESS FUND LIMITED	BAF
157	BLUECHIIP LIMITED	BCT
158	BLUESCOPE STEEL LIMITED	BSL
159	BLUGLASS LIMITED	BLG
160	BMG RESOURCES LIMITED	BMG
161	BOADICEA RESOURCES LIMITED	BOA
162	BOART LONGYEAR LIMITED	BLY
163	BOD AUSTRALIA LIMITED	BDA
164	BOOM LOGISTICS LIMITED	BOL
165	BORA BORA RESOURCES LIMITED	BBR
166	BORAL LIMITED.	BLD
167	BOSS RESOURCES LIMITED	BOE
168	BOTANIX PHARMACEUTICALS LTD	BOT
169	BOTSWANA METALS LIMITED	BML
170	BOUGAINVILLE COPPER LIMITED	BOC
171	BOUNTY OIL & GAS NL	BUY
172	BOYUAN HOLDINGS LIMITED	BHL
173	BP CAPITAL MARKETS PLC	BPB
174	BPH ENERGY LTD	BPH
175	BPS TECHNOLOGY LIMITED	BPS
176	BRADKEN LIMITED	BKN
177	BRAIN RESOURCE LIMITED	BRC
178	BRAINCHIP HOLDINGS LTD	BRN
179	BRAMBLES LIMITED	BXB
180	BRAVURA SOLUTIONS LIMITED.	BVS
181	BREAKER RESOURCES NL	BRB
182	BREVILLE GROUP LIMITED	BRG
183	BRICKWORKS LIMITED	BKW
184	BRIERTY LIMITED	BYL
185	BRIGHTON MINING GROUP LIMITED	BTN
186	BRISBANE BRONCOS LIMITED	BBL
187	BROAD INVESTMENTS LIMITED	BRO
188	BROCKMAN MINING LIMITED	BCK
189	BROKEN HILL PROSPECTING LIMITED	BPL
190	BRONSON GROUP LIMITED	BGR
191	BROO LTD	BEE
192	BROOKFIELD PRIME PROPERTY FUND	BPA
193	BROOKSIDE ENERGY LIMITED	BRK
194	BSA LIMITED	BSA
195	BT INVESTMENT MANAGEMENT LIMITED	BTT
196	BUBS AUSTRALIA LIMITED	BUB
197	BUDDY PLATFORM LTD	BUD
198	BUDERIM GROUP LIMITED	BUG
199	BUILDINGIQ	INC
200	BULLETIN RESOURCES LIMITED	BNR
1	BULLETPROOF GROUP LIMITED	BPF
2	BURRABULLA CORPORATION LIMITED	BUA
3	BURU ENERGY LIMITED	BRU
4	BUXTON RESOURCES LIMITED	BUX
5	BUYMYPLACE.COM.AU LIMITED	BMP
6	BWP TRUST	BWP
7	BWX LIMITED	BWX
8	BYRON ENERGY LIMITED	BYE
9	BYTE POWER GROUP LIMITED	BPG
10	CABCHARGE AUSTRALIA LIMITED	CAB
11	CABRAL RESOURCES LIMITED	CBS
12	CADENCE CAPITAL LIMITED	CDM
13	CAENEUS MINERALS LTD	CAD
14	CAISSE FRANCAISE DE FINANCEMENT LOCAL	DXA
15	CALTEX AUSTRALIA LIMITED	CTX
16	CANNINDAH RESOURCES LIMITED	CAE

                                             
  [PDOException]                             
  SQLSTATE[HY000] [2002] Connection refused  
                                             

