Wed Mar 29 14:33:01 AEDT 2017
No scheduled commands are ready to run.
Wed Mar 29 14:34:01 AEDT 2017
No scheduled commands are ready to run.
Wed Mar 29 14:35:01 AEDT 2017
No scheduled commands are ready to run.
Wed Mar 29 14:36:01 AEDT 2017
No scheduled commands are ready to run.
Wed Mar 29 14:37:01 AEDT 2017
No scheduled commands are ready to run.
Wed Mar 29 14:38:01 AEDT 2017
No scheduled commands are ready to run.
Wed Mar 29 14:39:01 AEDT 2017
No scheduled commands are ready to run.
Wed Mar 29 14:40:01 AEDT 2017
Running scheduled command: '/usr/bin/php7.0' 'artisan' company:updateAllHistory > '/dev/null' 2>&1
Wed Mar 29 14:41:01 AEDT 2017
No scheduled commands are ready to run.
Wed Mar 29 14:42:01 AEDT 2017
No scheduled commands are ready to run.
Wed Mar 29 14:43:01 AEDT 2017
No scheduled commands are ready to run.
Wed Mar 29 14:44:01 AEDT 2017
No scheduled commands are ready to run.
Wed Mar 29 14:45:01 AEDT 2017
No scheduled commands are ready to run.
Wed Mar 29 14:46:01 AEDT 2017
No scheduled commands are ready to run.
Wed Mar 29 14:47:01 AEDT 2017
No scheduled commands are ready to run.
Wed Mar 29 14:48:01 AEDT 2017
No scheduled commands are ready to run.
Wed Mar 29 14:49:01 AEDT 2017
No scheduled commands are ready to run.
Wed Mar 29 14:50:01 AEDT 2017
Running scheduled command: '/usr/bin/php7.0' 'artisan' company:updateAllHistory > '/dev/null' 2>&1
Wed Mar 29 14:51:01 AEDT 2017
No scheduled commands are ready to run.
Wed Mar 29 14:52:01 AEDT 2017
No scheduled commands are ready to run.
Wed Mar 29 14:53:01 AEDT 2017
No scheduled commands are ready to run.
Wed Mar 29 14:54:01 AEDT 2017
No scheduled commands are ready to run.
Wed Mar 29 14:55:01 AEDT 2017
No scheduled commands are ready to run.
Wed Mar 29 14:56:01 AEDT 2017
No scheduled commands are ready to run.
Wed Mar 29 14:57:01 AEDT 2017
No scheduled commands are ready to run.
Wed Mar 29 14:58:01 AEDT 2017
No scheduled commands are ready to run.
Wed Mar 29 14:59:01 AEDT 2017
No scheduled commands are ready to run.
Wed Mar 29 15:00:01 AEDT 2017
No scheduled commands are ready to run.
Wed Mar 29 15:01:01 AEDT 2017
No scheduled commands are ready to run.
Wed Mar 29 15:02:01 AEDT 2017
No scheduled commands are ready to run.
Wed Mar 29 15:03:01 AEDT 2017
No scheduled commands are ready to run.
Wed Mar 29 15:04:01 AEDT 2017
No scheduled commands are ready to run.
Wed Mar 29 15:05:01 AEDT 2017
No scheduled commands are ready to run.
Wed Mar 29 15:06:00 AEDT 2017
No scheduled commands are ready to run.
Wed Mar 29 15:07:01 AEDT 2017
No scheduled commands are ready to run.
Wed Mar 29 15:08:01 AEDT 2017
No scheduled commands are ready to run.
Wed Mar 29 15:09:01 AEDT 2017
No scheduled commands are ready to run.
Wed Mar 29 15:10:01 AEDT 2017
No scheduled commands are ready to run.
Wed Mar 29 15:11:01 AEDT 2017
No scheduled commands are ready to run.
Wed Mar 29 15:12:01 AEDT 2017
No scheduled commands are ready to run.
Wed Mar 29 15:13:01 AEDT 2017
No scheduled commands are ready to run.
Wed Mar 29 15:14:01 AEDT 2017
No scheduled commands are ready to run.
Wed Mar 29 15:15:01 AEDT 2017
No scheduled commands are ready to run.
Wed Mar 29 15:16:01 AEDT 2017
No scheduled commands are ready to run.
Wed Mar 29 15:17:01 AEDT 2017
No scheduled commands are ready to run.
Wed Mar 29 15:18:01 AEDT 2017
No scheduled commands are ready to run.
Wed Mar 29 15:19:01 AEDT 2017
No scheduled commands are ready to run.
Wed Mar 29 15:20:01 AEDT 2017
No scheduled commands are ready to run.
Wed Mar 29 15:21:01 AEDT 2017
No scheduled commands are ready to run.
Wed Mar 29 15:22:01 AEDT 2017
No scheduled commands are ready to run.
Wed Mar 29 15:23:01 AEDT 2017
No scheduled commands are ready to run.
Wed Mar 29 15:24:01 AEDT 2017
No scheduled commands are ready to run.
Wed Mar 29 15:25:01 AEDT 2017
No scheduled commands are ready to run.
Wed Mar 29 15:26:01 AEDT 2017
No scheduled commands are ready to run.
Wed Mar 29 15:27:01 AEDT 2017
No scheduled commands are ready to run.
Wed Mar 29 15:28:01 AEDT 2017
No scheduled commands are ready to run.
Wed Mar 29 15:29:01 AEDT 2017
No scheduled commands are ready to run.
Wed Mar 29 15:30:01 AEDT 2017
No scheduled commands are ready to run.
Wed Mar 29 15:31:01 AEDT 2017
No scheduled commands are ready to run.
Wed Mar 29 15:32:01 AEDT 2017
No scheduled commands are ready to run.
Wed Mar 29 15:33:01 AEDT 2017
No scheduled commands are ready to run.
Wed Mar 29 15:34:01 AEDT 2017
No scheduled commands are ready to run.
Wed Mar 29 15:35:01 AEDT 2017
No scheduled commands are ready to run.
Wed Mar 29 15:36:01 AEDT 2017
No scheduled commands are ready to run.
Wed Mar 29 15:37:01 AEDT 2017
No scheduled commands are ready to run.
Wed Mar 29 15:38:01 AEDT 2017
No scheduled commands are ready to run.
Wed Mar 29 15:39:01 AEDT 2017
No scheduled commands are ready to run.
Wed Mar 29 15:40:02 AEDT 2017
No scheduled commands are ready to run.
Wed Mar 29 15:41:01 AEDT 2017
No scheduled commands are ready to run.
Wed Mar 29 15:42:01 AEDT 2017
No scheduled commands are ready to run.
Wed Mar 29 15:43:01 AEDT 2017
No scheduled commands are ready to run.
Wed Mar 29 15:44:01 AEDT 2017
No scheduled commands are ready to run.
Wed Mar 29 15:45:01 AEDT 2017
No scheduled commands are ready to run.
Wed Mar 29 15:46:01 AEDT 2017
No scheduled commands are ready to run.
Wed Mar 29 15:47:01 AEDT 2017
No scheduled commands are ready to run.
Wed Mar 29 15:48:01 AEDT 2017
No scheduled commands are ready to run.
Wed Mar 29 15:49:01 AEDT 2017
No scheduled commands are ready to run.
Wed Mar 29 15:50:01 AEDT 2017
No scheduled commands are ready to run.
Wed Mar 29 15:51:01 AEDT 2017
No scheduled commands are ready to run.
Wed Mar 29 15:52:01 AEDT 2017
No scheduled commands are ready to run.
Wed Mar 29 15:53:01 AEDT 2017
No scheduled commands are ready to run.
Wed Mar 29 15:54:01 AEDT 2017
No scheduled commands are ready to run.
Wed Mar 29 15:55:01 AEDT 2017
No scheduled commands are ready to run.
Wed Mar 29 15:56:01 AEDT 2017
No scheduled commands are ready to run.
Wed Mar 29 15:57:01 AEDT 2017
No scheduled commands are ready to run.
Wed Mar 29 15:58:01 AEDT 2017
No scheduled commands are ready to run.
Wed Mar 29 15:59:01 AEDT 2017
No scheduled commands are ready to run.
Wed Mar 29 16:00:01 AEDT 2017
No scheduled commands are ready to run.
Wed Mar 29 16:01:01 AEDT 2017
No scheduled commands are ready to run.
Wed Mar 29 16:02:01 AEDT 2017
No scheduled commands are ready to run.
Wed Mar 29 16:03:01 AEDT 2017
No scheduled commands are ready to run.
Wed Mar 29 16:04:01 AEDT 2017
No scheduled commands are ready to run.
Wed Mar 29 16:05:01 AEDT 2017
No scheduled commands are ready to run.
Wed Mar 29 16:06:01 AEDT 2017
No scheduled commands are ready to run.
Wed Mar 29 16:07:01 AEDT 2017
No scheduled commands are ready to run.
Wed Mar 29 16:08:01 AEDT 2017
No scheduled commands are ready to run.
Wed Mar 29 16:09:01 AEDT 2017
No scheduled commands are ready to run.
Wed Mar 29 16:10:01 AEDT 2017
No scheduled commands are ready to run.
Wed Mar 29 16:11:01 AEDT 2017
No scheduled commands are ready to run.
Wed Mar 29 16:12:01 AEDT 2017
No scheduled commands are ready to run.
Wed Mar 29 16:13:01 AEDT 2017
No scheduled commands are ready to run.
Wed Mar 29 16:14:01 AEDT 2017
No scheduled commands are ready to run.
Wed Mar 29 16:15:01 AEDT 2017
No scheduled commands are ready to run.
Wed Mar 29 16:16:01 AEDT 2017
No scheduled commands are ready to run.
Wed Mar 29 16:17:01 AEDT 2017
No scheduled commands are ready to run.
Wed Mar 29 16:18:01 AEDT 2017
No scheduled commands are ready to run.
Wed Mar 29 16:19:01 AEDT 2017
No scheduled commands are ready to run.
Wed Mar 29 16:20:01 AEDT 2017
No scheduled commands are ready to run.
Wed Mar 29 16:21:01 AEDT 2017
No scheduled commands are ready to run.
Wed Mar 29 16:22:01 AEDT 2017
No scheduled commands are ready to run.
Wed Mar 29 16:23:01 AEDT 2017
No scheduled commands are ready to run.
Wed Mar 29 16:24:01 AEDT 2017
No scheduled commands are ready to run.
Wed Mar 29 16:25:01 AEDT 2017
No scheduled commands are ready to run.
Wed Mar 29 16:26:01 AEDT 2017
No scheduled commands are ready to run.
Wed Mar 29 16:27:01 AEDT 2017
No scheduled commands are ready to run.
Wed Mar 29 16:28:02 AEDT 2017
No scheduled commands are ready to run.
Wed Mar 29 16:29:01 AEDT 2017
No scheduled commands are ready to run.
Wed Mar 29 16:30:01 AEDT 2017
No scheduled commands are ready to run.
Wed Mar 29 16:31:01 AEDT 2017
No scheduled commands are ready to run.
Wed Mar 29 16:32:01 AEDT 2017
No scheduled commands are ready to run.
Wed Mar 29 16:33:01 AEDT 2017
No scheduled commands are ready to run.
Wed Mar 29 16:34:01 AEDT 2017
No scheduled commands are ready to run.
Wed Mar 29 16:35:01 AEDT 2017
No scheduled commands are ready to run.
Wed Mar 29 16:36:01 AEDT 2017
No scheduled commands are ready to run.
Wed Mar 29 16:37:01 AEDT 2017
No scheduled commands are ready to run.
Wed Mar 29 16:38:01 AEDT 2017
No scheduled commands are ready to run.
Wed Mar 29 16:39:01 AEDT 2017
No scheduled commands are ready to run.
Wed Mar 29 16:40:01 AEDT 2017
No scheduled commands are ready to run.
Wed Mar 29 16:41:01 AEDT 2017
No scheduled commands are ready to run.
Wed Mar 29 16:42:01 AEDT 2017
No scheduled commands are ready to run.
Wed Mar 29 16:43:01 AEDT 2017
No scheduled commands are ready to run.
Wed Mar 29 16:44:01 AEDT 2017
No scheduled commands are ready to run.
Wed Mar 29 16:45:01 AEDT 2017
No scheduled commands are ready to run.
Wed Mar 29 16:46:01 AEDT 2017
No scheduled commands are ready to run.
Wed Mar 29 16:47:01 AEDT 2017
No scheduled commands are ready to run.
Wed Mar 29 16:48:01 AEDT 2017
No scheduled commands are ready to run.
Wed Mar 29 16:49:01 AEDT 2017
No scheduled commands are ready to run.
Wed Mar 29 16:50:01 AEDT 2017
No scheduled commands are ready to run.
Wed Mar 29 16:51:01 AEDT 2017
No scheduled commands are ready to run.
Wed Mar 29 16:52:01 AEDT 2017
No scheduled commands are ready to run.
Wed Mar 29 16:53:01 AEDT 2017
No scheduled commands are ready to run.
Wed Mar 29 16:54:01 AEDT 2017
No scheduled commands are ready to run.
Wed Mar 29 16:55:01 AEDT 2017
No scheduled commands are ready to run.
Wed Mar 29 16:56:01 AEDT 2017
No scheduled commands are ready to run.
Wed Mar 29 16:57:01 AEDT 2017
No scheduled commands are ready to run.
Wed Mar 29 16:58:01 AEDT 2017
No scheduled commands are ready to run.
Wed Mar 29 16:59:01 AEDT 2017
No scheduled commands are ready to run.
Wed Mar 29 17:00:01 AEDT 2017
No scheduled commands are ready to run.
Wed Mar 29 17:01:01 AEDT 2017
No scheduled commands are ready to run.
Wed Mar 29 17:02:01 AEDT 2017
No scheduled commands are ready to run.
Wed Mar 29 17:03:01 AEDT 2017
No scheduled commands are ready to run.
Wed Mar 29 17:04:01 AEDT 2017
No scheduled commands are ready to run.
Wed Mar 29 17:05:01 AEDT 2017
No scheduled commands are ready to run.
Wed Mar 29 17:06:01 AEDT 2017
No scheduled commands are ready to run.
Wed Mar 29 17:07:01 AEDT 2017
No scheduled commands are ready to run.
Wed Mar 29 17:08:01 AEDT 2017
No scheduled commands are ready to run.
Wed Mar 29 17:09:01 AEDT 2017
No scheduled commands are ready to run.
Wed Mar 29 17:10:01 AEDT 2017
No scheduled commands are ready to run.
Wed Mar 29 17:11:01 AEDT 2017
No scheduled commands are ready to run.
Wed Mar 29 17:12:01 AEDT 2017
No scheduled commands are ready to run.
Wed Mar 29 17:13:01 AEDT 2017
No scheduled commands are ready to run.
Wed Mar 29 17:14:01 AEDT 2017
No scheduled commands are ready to run.
Wed Mar 29 17:15:01 AEDT 2017
No scheduled commands are ready to run.
Wed Mar 29 17:16:01 AEDT 2017
No scheduled commands are ready to run.
Wed Mar 29 17:17:01 AEDT 2017
No scheduled commands are ready to run.
Wed Mar 29 17:18:01 AEDT 2017
No scheduled commands are ready to run.
Wed Mar 29 17:19:01 AEDT 2017
No scheduled commands are ready to run.
Wed Mar 29 17:20:01 AEDT 2017
No scheduled commands are ready to run.
Wed Mar 29 17:21:01 AEDT 2017
No scheduled commands are ready to run.
Wed Mar 29 17:22:01 AEDT 2017
No scheduled commands are ready to run.
Wed Mar 29 17:23:01 AEDT 2017
No scheduled commands are ready to run.
Wed Mar 29 17:24:01 AEDT 2017
No scheduled commands are ready to run.
Wed Mar 29 17:25:01 AEDT 2017
No scheduled commands are ready to run.
Wed Mar 29 17:26:01 AEDT 2017
No scheduled commands are ready to run.
Wed Mar 29 17:27:01 AEDT 2017
No scheduled commands are ready to run.
Wed Mar 29 17:28:01 AEDT 2017
No scheduled commands are ready to run.
Wed Mar 29 17:29:01 AEDT 2017
No scheduled commands are ready to run.
Wed Mar 29 17:30:01 AEDT 2017
No scheduled commands are ready to run.
Wed Mar 29 17:31:01 AEDT 2017
No scheduled commands are ready to run.
Wed Mar 29 17:32:01 AEDT 2017
No scheduled commands are ready to run.
Wed Mar 29 17:33:01 AEDT 2017
No scheduled commands are ready to run.
Wed Mar 29 17:34:01 AEDT 2017
No scheduled commands are ready to run.
Wed Mar 29 17:35:01 AEDT 2017
No scheduled commands are ready to run.
Wed Mar 29 17:36:01 AEDT 2017
No scheduled commands are ready to run.
Wed Mar 29 17:37:01 AEDT 2017
No scheduled commands are ready to run.
Wed Mar 29 17:38:01 AEDT 2017
No scheduled commands are ready to run.
Wed Mar 29 17:39:01 AEDT 2017
No scheduled commands are ready to run.
Wed Mar 29 17:40:01 AEDT 2017
No scheduled commands are ready to run.
Wed Mar 29 17:41:01 AEDT 2017

                                                                  
  [Symfony\Component\Debug\Exception\FatalThrowableError]         
  Call to undefined function App\Console\date_default_time_set()  
                                                                  

Wed Mar 29 17:42:01 AEDT 2017

                                                                  
  [Symfony\Component\Debug\Exception\FatalThrowableError]         
  Call to undefined function App\Console\date_default_time_set()  
                                                                  

Wed Mar 29 17:43:01 AEDT 2017

                                                                  
  [Symfony\Component\Debug\Exception\FatalThrowableError]         
  Call to undefined function App\Console\date_default_time_set()  
                                                                  

Wed Mar 29 17:44:01 AEDT 2017

                                                                  
  [Symfony\Component\Debug\Exception\FatalThrowableError]         
  Call to undefined function App\Console\date_default_time_set()  
                                                                  

Wed Mar 29 17:45:01 AEDT 2017

                                                                  
  [Symfony\Component\Debug\Exception\FatalThrowableError]         
  Call to undefined function App\Console\date_default_time_set()  
                                                                  

Wed Mar 29 17:46:01 AEDT 2017

                                                                  
  [Symfony\Component\Debug\Exception\FatalThrowableError]         
  Call to undefined function App\Console\date_default_time_set()  
                                                                  

Wed Mar 29 17:47:01 AEDT 2017

                                                                  
  [Symfony\Component\Debug\Exception\FatalThrowableError]         
  Call to undefined function App\Console\date_default_time_set()  
                                                                  

Wed Mar 29 17:48:01 AEDT 2017

                                                                  
  [Symfony\Component\Debug\Exception\FatalThrowableError]         
  Call to undefined function App\Console\date_default_time_set()  
                                                                  

Wed Mar 29 17:49:01 AEDT 2017

                                                                  
  [Symfony\Component\Debug\Exception\FatalThrowableError]         
  Call to undefined function App\Console\date_default_time_set()  
                                                                  

Wed Mar 29 17:50:01 AEDT 2017

                                                                  
  [Symfony\Component\Debug\Exception\FatalThrowableError]         
  Call to undefined function App\Console\date_default_time_set()  
                                                                  

Wed Mar 29 17:51:01 AEDT 2017

                                                                  
  [Symfony\Component\Debug\Exception\FatalThrowableError]         
  Call to undefined function App\Console\date_default_time_set()  
                                                                  

Wed Mar 29 17:52:01 AEDT 2017

                                                                  
  [Symfony\Component\Debug\Exception\FatalThrowableError]         
  Call to undefined function App\Console\date_default_time_set()  
                                                                  

Wed Mar 29 17:53:01 AEDT 2017

                                                                  
  [Symfony\Component\Debug\Exception\FatalThrowableError]         
  Call to undefined function App\Console\date_default_time_set()  
                                                                  

Wed Mar 29 17:54:01 AEDT 2017

                                                                  
  [Symfony\Component\Debug\Exception\FatalThrowableError]         
  Call to undefined function App\Console\date_default_time_set()  
                                                                  

Wed Mar 29 17:55:01 AEDT 2017
No scheduled commands are ready to run.
Wed Mar 29 17:56:01 AEDT 2017
No scheduled commands are ready to run.
Wed Mar 29 17:57:01 AEDT 2017
No scheduled commands are ready to run.
Wed Mar 29 17:58:01 AEDT 2017
No scheduled commands are ready to run.
Wed Mar 29 17:59:01 AEDT 2017
No scheduled commands are ready to run.
Wed Mar 29 18:00:01 AEDT 2017
No scheduled commands are ready to run.
Wed Mar 29 18:01:01 AEDT 2017
No scheduled commands are ready to run.
Wed Mar 29 18:02:01 AEDT 2017
No scheduled commands are ready to run.
Wed Mar 29 18:03:01 AEDT 2017
No scheduled commands are ready to run.
Wed Mar 29 18:04:01 AEDT 2017
No scheduled commands are ready to run.
Wed Mar 29 18:05:01 AEDT 2017
No scheduled commands are ready to run.
Wed Mar 29 18:06:01 AEDT 2017
No scheduled commands are ready to run.
Wed Mar 29 18:07:01 AEDT 2017
No scheduled commands are ready to run.
Wed Mar 29 18:08:01 AEDT 2017
No scheduled commands are ready to run.
Wed Mar 29 18:09:01 AEDT 2017
No scheduled commands are ready to run.
Wed Mar 29 18:10:01 AEDT 2017
No scheduled commands are ready to run.
Wed Mar 29 18:11:01 AEDT 2017
No scheduled commands are ready to run.
Wed Mar 29 18:12:01 AEDT 2017
No scheduled commands are ready to run.
Wed Mar 29 18:13:01 AEDT 2017
No scheduled commands are ready to run.
Wed Mar 29 18:14:01 AEDT 2017
No scheduled commands are ready to run.
Wed Mar 29 18:15:01 AEDT 2017
No scheduled commands are ready to run.
Wed Mar 29 18:16:01 AEDT 2017
No scheduled commands are ready to run.
Wed Mar 29 18:17:02 AEDT 2017
No scheduled commands are ready to run.
Wed Mar 29 18:18:01 AEDT 2017
No scheduled commands are ready to run.
Wed Mar 29 18:19:01 AEDT 2017
No scheduled commands are ready to run.
Wed Mar 29 18:20:01 AEDT 2017
No scheduled commands are ready to run.
Wed Mar 29 18:21:01 AEDT 2017
No scheduled commands are ready to run.
Wed Mar 29 18:22:01 AEDT 2017
No scheduled commands are ready to run.
Wed Mar 29 18:23:01 AEDT 2017
PHP Parse error:  syntax error, unexpected ')', expecting function (T_FUNCTION) in /var/www/html/SticksAndStocks/website/app/Console/Kernel.php on line 31
Wed Mar 29 18:24:01 AEDT 2017
PHP Parse error:  syntax error, unexpected ')', expecting function (T_FUNCTION) in /var/www/html/SticksAndStocks/website/app/Console/Kernel.php on line 31
Wed Mar 29 18:25:01 AEDT 2017
PHP Parse error:  syntax error, unexpected ')', expecting function (T_FUNCTION) in /var/www/html/SticksAndStocks/website/app/Console/Kernel.php on line 31
Wed Mar 29 18:26:01 AEDT 2017
No scheduled commands are ready to run.
Wed Mar 29 18:27:01 AEDT 2017
No scheduled commands are ready to run.
Wed Mar 29 18:28:01 AEDT 2017
No scheduled commands are ready to run.
Wed Mar 29 18:29:01 AEDT 2017
No scheduled commands are ready to run.
Wed Mar 29 18:30:01 AEDT 2017
No scheduled commands are ready to run.
Wed Mar 29 18:31:01 AEDT 2017
No scheduled commands are ready to run.
Wed Mar 29 18:32:01 AEDT 2017
Running scheduled command: '/usr/bin/php7.0' 'artisan' company:updateAllHistory > '/dev/null' 2>&1
Wed Mar 29 18:33:01 AEDT 2017
Running scheduled command: '/usr/bin/php7.0' 'artisan' company:updateAllHistory > '/dev/null' 2>&1
Wed Mar 29 18:34:01 AEDT 2017
No scheduled commands are ready to run.
Wed Mar 29 18:35:01 AEDT 2017
No scheduled commands are ready to run.
Wed Mar 29 18:36:01 AEDT 2017
No scheduled commands are ready to run.
Wed Mar 29 18:37:01 AEDT 2017
No scheduled commands are ready to run.
Wed Mar 29 18:38:01 AEDT 2017
No scheduled commands are ready to run.
Wed Mar 29 18:39:01 AEDT 2017
No scheduled commands are ready to run.
Wed Mar 29 18:40:01 AEDT 2017
No scheduled commands are ready to run.
Wed Mar 29 18:41:01 AEDT 2017
No scheduled commands are ready to run.
Wed Mar 29 18:42:01 AEDT 2017
No scheduled commands are ready to run.
Wed Mar 29 18:43:01 AEDT 2017
No scheduled commands are ready to run.
Wed Mar 29 18:44:01 AEDT 2017
No scheduled commands are ready to run.
Wed Mar 29 18:45:01 AEDT 2017
No scheduled commands are ready to run.
Wed Mar 29 18:46:01 AEDT 2017
No scheduled commands are ready to run.
Wed Mar 29 18:47:01 AEDT 2017
No scheduled commands are ready to run.
Wed Mar 29 18:48:01 AEDT 2017
No scheduled commands are ready to run.
Wed Mar 29 18:49:01 AEDT 2017
No scheduled commands are ready to run.
Wed Mar 29 18:50:01 AEDT 2017
No scheduled commands are ready to run.
Wed Mar 29 18:51:01 AEDT 2017
No scheduled commands are ready to run.
Wed Mar 29 18:52:01 AEDT 2017
No scheduled commands are ready to run.
Wed Mar 29 18:53:01 AEDT 2017
No scheduled commands are ready to run.
Wed Mar 29 18:54:01 AEDT 2017
No scheduled commands are ready to run.
Wed Mar 29 18:55:01 AEDT 2017
No scheduled commands are ready to run.
Wed Mar 29 18:56:01 AEDT 2017
No scheduled commands are ready to run.
Wed Mar 29 18:57:01 AEDT 2017
No scheduled commands are ready to run.
Wed Mar 29 18:58:01 AEDT 2017
No scheduled commands are ready to run.
Wed Mar 29 18:59:01 AEDT 2017
No scheduled commands are ready to run.
Wed Mar 29 19:00:01 AEDT 2017
No scheduled commands are ready to run.
Wed Mar 29 19:01:01 AEDT 2017
No scheduled commands are ready to run.
Wed Mar 29 19:02:01 AEDT 2017
No scheduled commands are ready to run.
Wed Mar 29 19:03:01 AEDT 2017
No scheduled commands are ready to run.
Wed Mar 29 19:04:01 AEDT 2017
No scheduled commands are ready to run.
Wed Mar 29 19:05:01 AEDT 2017
No scheduled commands are ready to run.
Wed Mar 29 19:06:01 AEDT 2017
No scheduled commands are ready to run.
Wed Mar 29 19:07:01 AEDT 2017
No scheduled commands are ready to run.
Wed Mar 29 19:08:01 AEDT 2017
Running scheduled command: '/usr/bin/php7.0' 'artisan' company:updateAllHistory > '/dev/null' 2>&1
Wed Mar 29 19:09:01 AEDT 2017
No scheduled commands are ready to run.
Wed Mar 29 19:10:01 AEDT 2017
No scheduled commands are ready to run.
Wed Mar 29 19:11:01 AEDT 2017
No scheduled commands are ready to run.
Wed Mar 29 19:12:01 AEDT 2017
No scheduled commands are ready to run.
Wed Mar 29 19:13:01 AEDT 2017
No scheduled commands are ready to run.
Wed Mar 29 19:14:01 AEDT 2017
No scheduled commands are ready to run.
Wed Mar 29 19:15:01 AEDT 2017
No scheduled commands are ready to run.
Wed Mar 29 19:16:01 AEDT 2017
No scheduled commands are ready to run.
